Determining if the pthread_create exist failed with the following output:
Change Dir: /home/swaroop/ros/rnd_code/build/catkin_tools_prebuild/CMakeFiles/CMakeTmp

Run Build Command:"/usr/bin/make" "cmTC_793c9/fast"
/usr/bin/make -f CMakeFiles/cmTC_793c9.dir/build.make CMakeFiles/cmTC_793c9.dir/build
make[1]: Entering directory '/home/swaroop/ros/rnd_code/build/catkin_tools_prebuild/CMakeFiles/CMakeTmp'
Building C object CMakeFiles/cmTC_793c9.dir/CheckSymbolExists.c.o
/usr/bin/cc     -o CMakeFiles/cmTC_793c9.dir/CheckSymbolExists.c.o   -c /home/swaroop/ros/rnd_code/build/catkin_tools_prebuild/CMakeFiles/CMakeTmp/CheckSymbolExists.c
Linking C executable cmTC_793c9
/usr/bin/cmake -E cmake_link_script CMakeFiles/cmTC_793c9.dir/link.txt --verbose=1
/usr/bin/cc       CMakeFiles/cmTC_793c9.dir/CheckSymbolExists.c.o  -o cmTC_793c9 -rdynamic 
CMakeFiles/cmTC_793c9.dir/CheckSymbolExists.c.o: In function `main':
CheckSymbolExists.c:(.text+0x16): undefined reference to `pthread_create'
collect2: error: ld returned 1 exit status
CMakeFiles/cmTC_793c9.dir/build.make:97: recipe for target 'cmTC_793c9' failed
make[1]: *** [cmTC_793c9] Error 1
make[1]: Leaving directory '/home/swaroop/ros/rnd_code/build/catkin_tools_prebuild/CMakeFiles/CMakeTmp'
Makefile:126: recipe for target 'cmTC_793c9/fast' failed
make: *** [cmTC_793c9/fast] Error 2

File /home/swaroop/ros/rnd_code/build/catkin_tools_prebuild/CMakeFiles/CMakeTmp/CheckSymbolExists.c:
/* */
#include <pthread.h>

int main(int argc, char** argv)
{
  (void)argv;
#ifndef pthread_create
  return ((int*)(&pthread_create))[argc];
#else
  (void)argc;
  return 0;
#endif
}

Determining if the function pthread_create exists in the pthreads failed with the following output:
Change Dir: /home/swaroop/ros/rnd_code/build/catkin_tools_prebuild/CMakeFiles/CMakeTmp

Run Build Command:"/usr/bin/make" "cmTC_d8abe/fast"
/usr/bin/make -f CMakeFiles/cmTC_d8abe.dir/build.make CMakeFiles/cmTC_d8abe.dir/build
make[1]: Entering directory '/home/swaroop/ros/rnd_code/build/catkin_tools_prebuild/CMakeFiles/CMakeTmp'
Building C object CMakeFiles/cmTC_d8abe.dir/CheckFunctionExists.c.o
/usr/bin/cc    -DCHECK_FUNCTION_EXISTS=pthread_create   -o CMakeFiles/cmTC_d8abe.dir/CheckFunctionExists.c.o   -c /usr/share/cmake-3.5/Modules/CheckFunctionExists.c
Linking C executable cmTC_d8abe
/usr/bin/cmake -E cmake_link_script CMakeFiles/cmTC_d8abe.dir/link.txt --verbose=1
/usr/bin/cc   -DCHECK_FUNCTION_EXISTS=pthread_create    CMakeFiles/cmTC_d8abe.dir/CheckFunctionExists.c.o  -o cmTC_d8abe -rdynamic -lpthreads 
/usr/bin/ld: cannot find -lpthreads
collect2: error: ld returned 1 exit status
CMakeFiles/cmTC_d8abe.dir/build.make:97: recipe for target 'cmTC_d8abe' failed
make[1]: *** [cmTC_d8abe] Error 1
make[1]: Leaving directory '/home/swaroop/ros/rnd_code/build/catkin_tools_prebuild/CMakeFiles/CMakeTmp'
Makefile:126: recipe for target 'cmTC_d8abe/fast' failed
make: *** [cmTC_d8abe/fast] Error 2


