Determining if the pthread_create exist failed with the following output:
Change Dir: /home/swaroop/ros/rnd_code/build/action_recognition/CMakeFiles/CMakeTmp

Run Build Command:"/usr/bin/make" "cmTC_5cb51/fast"
/usr/bin/make -f CMakeFiles/cmTC_5cb51.dir/build.make CMakeFiles/cmTC_5cb51.dir/build
make[1]: Entering directory '/home/swaroop/ros/rnd_code/build/action_recognition/CMakeFiles/CMakeTmp'
Building C object CMakeFiles/cmTC_5cb51.dir/CheckSymbolExists.c.o
/usr/bin/cc     -o CMakeFiles/cmTC_5cb51.dir/CheckSymbolExists.c.o   -c /home/swaroop/ros/rnd_code/build/action_recognition/CMakeFiles/CMakeTmp/CheckSymbolExists.c
Linking C executable cmTC_5cb51
/usr/bin/cmake -E cmake_link_script CMakeFiles/cmTC_5cb51.dir/link.txt --verbose=1
/usr/bin/cc       CMakeFiles/cmTC_5cb51.dir/CheckSymbolExists.c.o  -o cmTC_5cb51 -rdynamic 
CMakeFiles/cmTC_5cb51.dir/CheckSymbolExists.c.o: In function `main':
CheckSymbolExists.c:(.text+0x16): undefined reference to `pthread_create'
collect2: error: ld returned 1 exit status
CMakeFiles/cmTC_5cb51.dir/build.make:97: recipe for target 'cmTC_5cb51' failed
make[1]: *** [cmTC_5cb51] Error 1
make[1]: Leaving directory '/home/swaroop/ros/rnd_code/build/action_recognition/CMakeFiles/CMakeTmp'
Makefile:126: recipe for target 'cmTC_5cb51/fast' failed
make: *** [cmTC_5cb51/fast] Error 2

File /home/swaroop/ros/rnd_code/build/action_recognition/CMakeFiles/CMakeTmp/CheckSymbolExists.c:
/* */
#include <pthread.h>

int main(int argc, char** argv)
{
  (void)argv;
#ifndef pthread_create
  return ((int*)(&pthread_create))[argc];
#else
  (void)argc;
  return 0;
#endif
}

Determining if the function pthread_create exists in the pthreads failed with the following output:
Change Dir: /home/swaroop/ros/rnd_code/build/action_recognition/CMakeFiles/CMakeTmp

Run Build Command:"/usr/bin/make" "cmTC_6655e/fast"
/usr/bin/make -f CMakeFiles/cmTC_6655e.dir/build.make CMakeFiles/cmTC_6655e.dir/build
make[1]: Entering directory '/home/swaroop/ros/rnd_code/build/action_recognition/CMakeFiles/CMakeTmp'
Building C object CMakeFiles/cmTC_6655e.dir/CheckFunctionExists.c.o
/usr/bin/cc    -DCHECK_FUNCTION_EXISTS=pthread_create   -o CMakeFiles/cmTC_6655e.dir/CheckFunctionExists.c.o   -c /usr/share/cmake-3.5/Modules/CheckFunctionExists.c
Linking C executable cmTC_6655e
/usr/bin/cmake -E cmake_link_script CMakeFiles/cmTC_6655e.dir/link.txt --verbose=1
/usr/bin/cc   -DCHECK_FUNCTION_EXISTS=pthread_create    CMakeFiles/cmTC_6655e.dir/CheckFunctionExists.c.o  -o cmTC_6655e -rdynamic -lpthreads 
/usr/bin/ld: cannot find -lpthreads
collect2: error: ld returned 1 exit status
CMakeFiles/cmTC_6655e.dir/build.make:97: recipe for target 'cmTC_6655e' failed
make[1]: *** [cmTC_6655e] Error 1
make[1]: Leaving directory '/home/swaroop/ros/rnd_code/build/action_recognition/CMakeFiles/CMakeTmp'
Makefile:126: recipe for target 'cmTC_6655e/fast' failed
make: *** [cmTC_6655e/fast] Error 2


